[     697ms] [ERROR] Failed to load resource: the server responded with a status of 404 (Not Found) @ http://localhost:3000/favicon.ico:0
[ 1435537ms] [ERROR] Module not found: Error: Can't resolve 'next-flight-client-entry-loader' in '/Users/mac/Sync/project/everythingclaude/speckit' @ webpack-internal:///(app-pages-browser)/./node_modules/next/dist/next-devtools/userspace/app/errors/intercept-console-error.js:56
[ 1435537ms] [ERROR] Module not found: Error: Can't resolve 'next-flight-client-entry-loader' in '/Users/mac/Sync/project/everythingclaude/speckit' @ webpack-internal:///(app-pages-browser)/./node_modules/next/dist/next-devtools/userspace/app/errors/intercept-console-error.js:56
[ 1435538ms] [ERROR] Module not found: Error: Can't resolve 'next-flight-client-entry-loader' in '/Users/mac/Sync/project/everythingclaude/speckit' @ webpack-internal:///(app-pages-browser)/./node_modules/next/dist/next-devtools/userspace/app/errors/intercept-console-error.js:56
[ 1435538ms] [ERROR] Module not found: Error: Can't resolve 'next-flight-client-entry-loader' in '/Users/mac/Sync/project/everythingclaude/speckit' @ webpack-internal:///(app-pages-browser)/./node_modules/next/dist/next-devtools/userspace/app/errors/intercept-console-error.js:56
[ 1435538ms] [ERROR] Module not found: Error: Can't resolve './node_modules/next/dist/client/app-next-dev.js' in '/Users/mac/Sync/project/everythingclaude/speckit' @ webpack-internal:///(app-pages-browser)/./node_modules/next/dist/next-devtools/userspace/app/errors/intercept-console-error.js:56
[ 1435538ms] [ERROR] Module not found: Error: Can't resolve '/Users/mac/Sync/project/everythingclaude/speckit/node_modules/next/dist/compiled/@next/react-refresh-utils/dist/runtime.js' in '/Users/mac/Sync/project/everythingclaude/speckit' @ webpack-internal:///(app-pages-browser)/./node_modules/next/dist/next-devtools/userspace/app/errors/intercept-console-error.js:56
[ 1435587ms] [ERROR] Failed to load resource: the server responded with a status of 404 (Not Found) @ http://localhost:3000/__nextjs_font/geist-latin.woff2:0
[ 1435588ms] [ERROR] Failed to load resource: the server responded with a status of 404 (Not Found) @ http://localhost:3000/__nextjs_font/geist-mono-latin.woff2:0
[ 1534243ms] [ERROR] Module not found: Error: Can't resolve 'next-flight-client-entry-loader' in '/Users/mac/Sync/project/everythingclaude/speckit' @ webpack-internal:///(app-pages-browser)/./node_modules/next/dist/next-devtools/userspace/app/errors/intercept-console-error.js:56
[ 1534244ms] [ERROR] Module not found: Error: Can't resolve 'next-flight-client-entry-loader' in '/Users/mac/Sync/project/everythingclaude/speckit' @ webpack-internal:///(app-pages-browser)/./node_modules/next/dist/next-devtools/userspace/app/errors/intercept-console-error.js:56
[ 1534244ms] [ERROR] Module not found: Error: Can't resolve 'next-flight-client-entry-loader' in '/Users/mac/Sync/project/everythingclaude/speckit' @ webpack-internal:///(app-pages-browser)/./node_modules/next/dist/next-devtools/userspace/app/errors/intercept-console-error.js:56
[ 1534244ms] [ERROR] Module not found: Error: Can't resolve 'next-flight-client-entry-loader' in '/Users/mac/Sync/project/everythingclaude/speckit' @ webpack-internal:///(app-pages-browser)/./node_modules/next/dist/next-devtools/userspace/app/errors/intercept-console-error.js:56
[ 1534244ms] [ERROR] Module not found: Error: Can't resolve 'next-app-loader' in '/Users/mac/Sync/project/everythingclaude/speckit' @ webpack-internal:///(app-pages-browser)/./node_modules/next/dist/next-devtools/userspace/app/errors/intercept-console-error.js:56
[ 1534244ms] [ERROR] Module not found: Error: Can't resolve 'next-app-loader' in '/Users/mac/Sync/project/everythingclaude/speckit' @ webpack-internal:///(app-pages-browser)/./node_modules/next/dist/next-devtools/userspace/app/errors/intercept-console-error.js:56
[ 1604123ms] [ERROR] Failed to load resource: the server responded with a status of 500 (Internal Server Error) @ http://localhost:3000/login:0
[ 3623482ms] [ERROR] Failed to load resource: the server responded with a status of 500 (Internal Server Error) @ http://localhost:3000/:0
[ 5365940ms] [ERROR] Failed to load resource: the server responded with a status of 500 (Internal Server Error) @ http://localhost:3000/login?_rsc=vusbg:0
[ 5366486ms] [ERROR] Failed to load resource: the server responded with a status of 500 (Internal Server Error) @ http://localhost:3000/login?_rsc=fsnpp:0
[ 5367163ms] [ERROR] Failed to load resource: the server responded with a status of 500 (Internal Server Error) @ http://localhost:3000/login?_rsc=fsnpp:0
[ 5367768ms] [ERROR] Failed to load resource: the server responded with a status of 500 (Internal Server Error) @ http://localhost:3000/login:0
[ 5589274ms] [ERROR] Failed to load resource: the server responded with a status of 500 (Internal Server Error) @ http://localhost:3000/:0
[ 5786111ms] [ERROR] Failed to load resource: the server responded with a status of 500 (Internal Server Error) @ http://localhost:3000/:0
